#
# There is insufficient memory for the Java Runtime Environment to continue.
# Native memory allocation (mmap) failed to map 266338304 bytes. Error detail: G1 virtual space
# Possible reasons:
#   The system is out of physical RAM or swap space
#   This process is running with CompressedOops enabled, and the Java Heap may be blocking the growth of the native heap
# Possible solutions:
#   Reduce memory load on the system
#   Increase physical memory or swap space
#   Check if swap backing store is full
#   Decrease Java heap size (-Xmx/-Xms)
#   Decrease number of Java threads
#   Decrease Java thread stack sizes (-Xss)
#   Set larger code cache with -XX:ReservedCodeCacheSize=
#   JVM is running with Zero Based Compressed Oops mode in which the Java heap is
#     placed in the first 32GB address space. The Java Heap base address is the
#     maximum limit for the native heap growth. Please use -XX:HeapBaseMinAddress
#     to set the Java Heap base and to place the Java Heap above 32GB virtual address.
# This output file may be truncated or incomplete.
#
#  Out of Memory Error (os_windows.cpp:3564), pid=8376, tid=5572
#
# JRE version:  (24.0.1+9) (build )
# Java VM: Java HotSpot(TM) 64-Bit Server VM (24.0.1+9-30, mixed mode, sharing, tiered, compressed oops, compressed class ptrs, g1 gc, windows-amd64)
# No core dump will be written. Minidumps are not enabled by default on client versions of Windows
#

---------------  S U M M A R Y ------------

Command Line: -Dclassworlds.conf=C:\Program Files\NetBeans-25\netbeans\java\maven\bin\m2.conf -Dmaven.home=C:\Program Files\NetBeans-25\netbeans\java\maven -Dlibrary.jansi.path=C:\Program Files\NetBeans-25\netbeans\java\maven\lib\jansi-native -Dmaven.multiModuleProjectDirectory=D:\SMT 4\PBO\Tugas PBO\ConsultantBot org.codehaus.plexus.classworlds.launcher.Launcher -Dexec.vmArgs= -Dexec.args=${exec.vmArgs} -classpath %classpath ${exec.mainClass} ${exec.appArgs} -Dexec.executable=C:\Program Files\Java\jdk-24\bin\java.exe -Dexec.mainClass=com.bot.consultant.Main -Dexec.classpathScope=runtime -Dexec.appArgs= -Dmaven.ext.class.path=C:\Program Files\NetBeans-25\netbeans\java\maven-nblib\netbeans-eventspy.jar --no-transfer-progress process-classes org.codehaus.mojo:exec-maven-plugin:3.1.0:exec

Host: 11th Gen Intel(R) Core(TM) i5-1135G7 @ 2.40GHz, 8 cores, 15G,  Windows 11 , 64 bit Build 26100 (10.0.26100.4202)
Time: Thu Jun 26 01:28:50 2025 SE Asia Standard Time elapsed time: 0.011883 seconds (0d 0h 0m 0s)

---------------  T H R E A D  ---------------

Current thread (0x00000274ed017cb0):  JavaThread "Unknown thread" [_thread_in_vm, id=5572, stack(0x000000d667c00000,0x000000d667d00000) (1024K)]

Stack: [0x000000d667c00000,0x000000d667d00000]
Native frames: (J=compiled Java code, j=interpreted, Vv=VM code, C=native code)
V  [jvm.dll+0x730739]  (no source info available)
V  [jvm.dll+0x8d9b23]  (no source info available)
V  [jvm.dll+0x8dc00d]  (no source info available)
V  [jvm.dll+0x8dc683]  (no source info available)
V  [jvm.dll+0x2aa086]  (no source info available)
V  [jvm.dll+0x72cc65]  (no source info available)
V  [jvm.dll+0x72059a]  (no source info available)
V  [jvm.dll+0x390cea]  (no source info available)
V  [jvm.dll+0x3989f6]  (no source info available)
V  [jvm.dll+0x38523e]  (no source info available)
V  [jvm.dll+0x3854f8]  (no source info available)
V  [jvm.dll+0x35d0cc]  (no source info available)
V  [jvm.dll+0x35dd8d]  (no source info available)
V  [jvm.dll+0x89d28f]  (no source info available)
V  [jvm.dll+0x3f985d]  (no source info available)
V  [jvm.dll+0x8858e6]  (no source info available)
V  [jvm.dll+0x495f3e]  (no source info available)
V  [jvm.dll+0x497d11]  (no source info available)
C  [jli.dll+0x52a1]  (no source info available)
C  [ucrtbase.dll+0x37b0]  (no source info available)
C  [KERNEL32.DLL+0x2e8d7]  (no source info available)
C  [ntdll.dll+0x3c34c]  (no source info available)

Lock stack of current Java thread (top to bottom):


---------------  P R O C E S S  ---------------

Threads class SMR info:
_java_thread_list=0x00007ff80456f318, length=0, elements={
}

Java Threads: ( => current thread )
Total: 0

Other Threads:
  0x00000274ef3da860 WorkerThread "GC Thread#0"                     [id=21328, stack(0x000000d667d00000,0x000000d667e00000) (1024K)]
  0x00000274ef3f0130 ConcurrentGCThread "G1 Main Marker"            [id=19960, stack(0x000000d667e00000,0x000000d667f00000) (1024K)]
  0x00000274ef3f0b50 WorkerThread "G1 Conc#0"                       [id=20632, stack(0x000000d667f00000,0x000000d668000000) (1024K)]

[error occurred during error reporting (printing all threads), id 0xc0000005, EXCEPTION_ACCESS_VIOLATION (0xc0000005) at pc=0x00007ff803ca14ea]
VM state: not at safepoint (not fully initialized)

VM Mutex/Monitor currently owned by a thread:  ([mutex/lock_event])
[0x00007ff8045f45b0] Heap_lock - owner thread: 0x00000274ed017cb0

Heap address: 0x0000000703200000, size: 4046 MB, Compressed Oops mode: Zero based, Oop shift amount: 3

CDS archive(s) mapped at: [0x0000000000000000-0x0000000000000000-0x0000000000000000), size 0, SharedBaseAddress: 0x0000000800000000, ArchiveRelocationMode: 1.
UseCompressedClassPointers 1, UseCompactObjectHeaders 0
Narrow klass pointer bits 32, Max shift 3
Narrow klass base: 0xffffffffffffffff, Narrow klass shift: -1
Encoding Range: [0xffffffffffffffff - 0x000000007fffffff), (2147483648 bytes)
Klass Range:    [0x0000000000000000 - 0x0000000000000000), (0 bytes)
Klass ID Range:  [4294967295 - 0) (1)

GC Precious Log:
 CardTable entry size: 512
 Card Set container configuration: InlinePtr #cards 4 size 8 Array Of Cards #cards 16 size 48 Howl #buckets 8 coarsen threshold 3686 Howl Bitmap #cards 512 size 80 coarsen threshold 460 Card regions per heap region 1 cards per card region 4096

Heap:
 garbage-first heap   total reserved 4143104K, committed 0K, used 0K [0x0000000703200000, 0x0000000800000000)
  region size 2048K, 0 young (0K), 0 survivors (0K)

[error occurred during error reporting (printing heap information), id 0xc0000005, EXCEPTION_ACCESS_VIOLATION (0xc0000005) at pc=0x00007ff8040be3e9]
GC Heap History (0 events):
No events

Dll operation events (1 events):
Event: 0.008 Loaded shared library C:\Program Files\Java\jdk-24\bin\java.dll

Deoptimization events (0 events):
No events

Classes loaded (0 events):
No events

Classes unloaded (0 events):
No events

Classes redefined (0 events):
No events

Internal exceptions (0 events):
No events

VM Operations (0 events):
No events

Memory protections (0 events):
No events

Nmethod flushes (0 events):
No events

Events (0 events):
No events


Dynamic libraries:
0x00007ff74f440000 - 0x00007ff74f450000 	C:\Program Files\Java\jdk-24\bin\java.exe
0x00007ff88db00000 - 0x00007ff88dd65000 	C:\WINDOWS\SYSTEM32\ntdll.dll
0x00007ff88bb50000 - 0x00007ff88bc19000 	C:\WINDOWS\System32\KERNEL32.DLL
0x00007ff88b3d0000 - 0x00007ff88b7b8000 	C:\WINDOWS\System32\KERNELBASE.dll
0x00007ff88b1c0000 - 0x00007ff88b30b000 	C:\WINDOWS\System32\ucrtbase.dll
0x00007ff8672b0000 - 0x00007ff8672cb000 	C:\Program Files\Java\jdk-24\bin\VCRUNTIME140.dll
0x00007ff86bd30000 - 0x00007ff86bd46000 	C:\Program Files\Java\jdk-24\bin\jli.dll
0x00007ff88c360000 - 0x00007ff88c52a000 	C:\WINDOWS\System32\USER32.dll
0x00007ff88b7c0000 - 0x00007ff88b7e7000 	C:\WINDOWS\System32\win32u.dll
0x00007ff88bc20000 - 0x00007ff88bc4b000 	C:\WINDOWS\System32\GDI32.dll
0x00007ff88af00000 - 0x00007ff88b037000 	C:\WINDOWS\System32\gdi32full.dll
0x00007ff873080000 - 0x00007ff87331a000 	C:\WINDOWS\WinSxS\amd64_microsoft.windows.common-controls_6595b64144ccf1df_6.0.26100.4202_none_3e0698d4e335f517\COMCTL32.dll
0x00007ff88b7f0000 - 0x00007ff88b893000 	C:\WINDOWS\System32\msvcp_win.dll
0x00007ff88c810000 - 0x00007ff88c8b9000 	C:\WINDOWS\System32\msvcrt.dll
0x00007ff88da80000 - 0x00007ff88dab0000 	C:\WINDOWS\System32\IMM32.DLL
0x00007ff8756a0000 - 0x00007ff8756ac000 	C:\Program Files\Java\jdk-24\bin\vcruntime140_1.dll
0x00007ff842950000 - 0x00007ff8429de000 	C:\Program Files\Java\jdk-24\bin\msvcp140.dll
0x00007ff803930000 - 0x00007ff8046d2000 	C:\Program Files\Java\jdk-24\bin\server\jvm.dll
0x00007ff88c220000 - 0x00007ff88c2d3000 	C:\WINDOWS\System32\ADVAPI32.dll
0x00007ff88c530000 - 0x00007ff88c5d6000 	C:\WINDOWS\System32\sechost.dll
0x00007ff88bc50000 - 0x00007ff88bd65000 	C:\WINDOWS\System32\RPCRT4.dll
0x00007ff88c2e0000 - 0x00007ff88c354000 	C:\WINDOWS\System32\WS2_32.dll
0x00007ff88a430000 - 0x00007ff88a48e000 	C:\WINDOWS\SYSTEM32\POWRPROF.dll
0x00007ff873320000 - 0x00007ff873355000 	C:\WINDOWS\SYSTEM32\WINMM.dll
0x00007ff877240000 - 0x00007ff87724b000 	C:\WINDOWS\SYSTEM32\VERSION.dll
0x00007ff88a410000 - 0x00007ff88a424000 	C:\WINDOWS\SYSTEM32\UMPDC.dll
0x00007ff889a10000 - 0x00007ff889a2b000 	C:\WINDOWS\SYSTEM32\kernel.appcore.dll
0x00007ff874330000 - 0x00007ff87433a000 	C:\Program Files\Java\jdk-24\bin\jimage.dll
0x00007ff888070000 - 0x00007ff8882b1000 	C:\WINDOWS\SYSTEM32\DBGHELP.DLL
0x00007ff88bde0000 - 0x00007ff88c165000 	C:\WINDOWS\System32\combase.dll
0x00007ff88c8c0000 - 0x00007ff88c9a1000 	C:\WINDOWS\System32\OLEAUT32.dll
0x00007ff85cc60000 - 0x00007ff85cc99000 	C:\WINDOWS\SYSTEM32\dbgcore.DLL
0x00007ff88ac50000 - 0x00007ff88ace9000 	C:\WINDOWS\System32\bcryptPrimitives.dll
0x00007ff867230000 - 0x00007ff86724e000 	C:\Program Files\Java\jdk-24\bin\java.dll
0x00007ff88c5f0000 - 0x00007ff88c78e000 	C:\WINDOWS\System32\ole32.dll
0x00007ff88cfe0000 - 0x00007ff88d722000 	C:\WINDOWS\System32\SHELL32.dll
0x00007ff88b040000 - 0x00007ff88b1b4000 	C:\WINDOWS\System32\wintypes.dll

JVMTI agents: none

dbghelp: loaded successfully - version: 4.0.5 - missing functions: none
symbol engine: initialized successfully - sym options: 0x614 - pdb path: .;C:\Program Files\Java\jdk-24\bin;C:\WINDOWS\SYSTEM32;C:\WINDOWS\WinSxS\amd64_microsoft.windows.common-controls_6595b64144ccf1df_6.0.26100.4202_none_3e0698d4e335f517;C:\Program Files\Java\jdk-24\bin\server

VM Arguments:
jvm_args: -Dclassworlds.conf=C:\Program Files\NetBeans-25\netbeans\java\maven\bin\m2.conf -Dmaven.home=C:\Program Files\NetBeans-25\netbeans\java\maven -Dlibrary.jansi.path=C:\Program Files\NetBeans-25\netbeans\java\maven\lib\jansi-native -Dmaven.multiModuleProjectDirectory=D:\SMT 4\PBO\Tugas PBO\ConsultantBot 
java_command: org.codehaus.plexus.classworlds.launcher.Launcher -Dexec.vmArgs= -Dexec.args=${exec.vmArgs} -classpath %classpath ${exec.mainClass} ${exec.appArgs} -Dexec.executable=C:\Program Files\Java\jdk-24\bin\java.exe -Dexec.mainClass=com.bot.consultant.Main -Dexec.classpathScope=runtime -Dexec.appArgs= -Dmaven.ext.class.path=C:\Program Files\NetBeans-25\netbeans\java\maven-nblib\netbeans-eventspy.jar --no-transfer-progress process-classes org.codehaus.mojo:exec-maven-plugin:3.1.0:exec
java_class_path (initial): C:\Program Files\NetBeans-25\netbeans\java\maven\boot\plexus-classworlds-2.8.0.jar
Launcher Type: SUN_STANDARD

[Global flags]
     intx CICompilerCount                          = 4                                         {product} {ergonomic}
     uint ConcGCThreads                            = 2                                         {product} {ergonomic}
     uint G1ConcRefinementThreads                  = 8                                         {product} {ergonomic}
   size_t G1HeapRegionSize                         = 2097152                                   {product} {ergonomic}
   size_t InitialHeapSize                          = 266338304                                 {product} {ergonomic}
   size_t MarkStackSize                            = 4194304                                   {product} {ergonomic}
   size_t MarkStackSizeMax                         = 536870912                                 {product} {ergonomic}
   size_t MaxHeapSize                              = 4242538496                                {product} {ergonomic}
   size_t MinHeapDeltaBytes                        = 2097152                                   {product} {ergonomic}
   size_t MinHeapSize                              = 8388608                                   {product} {ergonomic}
    uintx NonNMethodCodeHeapSize                   = 5832704                                {pd product} {ergonomic}
    uintx NonProfiledCodeHeapSize                  = 122945536                              {pd product} {ergonomic}
    uintx ProfiledCodeHeapSize                     = 122880000                              {pd product} {ergonomic}
    uintx ReservedCodeCacheSize                    = 251658240                              {pd product} {ergonomic}
     bool SegmentedCodeCache                       = true                                      {product} {ergonomic}
   size_t SoftMaxHeapSize                          = 4242538496                             {manageable} {ergonomic}
     bool UseCompressedOops                        = true                           {product lp64_product} {ergonomic}
     bool UseG1GC                                  = true                                      {product} {ergonomic}
     bool UseLargePagesIndividualAllocation        = false                                  {pd product} {ergonomic}

Logging:
Log output configuration:
 #0: stdout all=warning uptime,level,tags foldmultilines=false
 #1: stderr all=off uptime,level,tags foldmultilines=false

Environment Variables:
JAVA_HOME=C:\Program Files\Java\jdk-24
PATH=C:\Program Files\Common Files\Oracle\Java\javapath;C:\Program Files (x86)\VMware\VMware Player\bin\;C:\Program Files (x86)\Common Files\Intel\Shared Files\cpp\bin\Intel64;C:\WINDOWS\system32;C:\WINDOWS;C:\WINDOWS\System32\Wbem;C:\WINDOWS\System32\WindowsPowerShell\v1.0\;C:\WINDOWS\System32\OpenSSH\;C:\Program Files\PuTTY\;C:\Program Files\Microsoft VS Code\bin;C:\php-8.3;C:\xampp\php;C:\Program Files\nodejs\;C:\ProgramData\ComposerSetup\bin;C:\Program Files\Git\cmd;C:\Users\ACER\AppData\Local\Microsoft\WindowsApps;C:\Program Files\CodeBlocks\MinGW\bin;C:\Users\ACER\AppData\Roaming\Composer\vendor\bin;C:\php-8.3;C:\xampp\php;C:\Users\ACER\AppData\Roaming\npm
USERNAME=AM_
OS=Windows_NT
PROCESSOR_IDENTIFIER=Intel64 Family 6 Model 140 Stepping 1, GenuineIntel
TMP=C:\Users\ACER\AppData\Local\Temp
TEMP=C:\Users\ACER\AppData\Local\Temp




Periodic native trim disabled

---------------  S Y S T E M  ---------------

OS:
 Windows 11 , 64 bit Build 26100 (10.0.26100.4202)
OS uptime: 1 days 18:29 hours
Hyper-V role detected

CPU: total 8 (initial active 8) (4 cores per cpu, 2 threads per core) family 6 model 140 stepping 1 microcode 0x86, cx8, cmov, fxsr, ht, mmx, 3dnowpref, sse, sse2, sse3, ssse3, sse4.1, sse4.2, popcnt, lzcnt, tsc, tscinvbit, avx, avx2, aes, erms, clmul, bmi1, bmi2, adx, avx512f, avx512dq, avx512cd, avx512bw, avx512vl, sha, fma, vzeroupper, avx512_vpopcntdq, avx512_vpclmulqdq, avx512_vaes, avx512_vnni, clflush, clflushopt, clwb, avx512_vbmi2, avx512_vbmi, hv, rdtscp, rdpid, fsrm, gfni, avx512_bitalg, f16c, cet_ibt, cet_ss, avx512_ifma
Processor Information for the first 8 processors :
  Max Mhz: 2419, Current Mhz: 2419, Mhz Limit: 2419

Memory: 4k page, system-wide physical 16179M (4828M free)
TotalPageFile size 20077M (AvailPageFile size 48M)
current process WorkingSet (physical memory assigned to process): 13M, peak: 13M
current process commit charge ("private bytes"): 61M, peak: 314M

vm_info: Java HotSpot(TM) 64-Bit Server VM (24.0.1+9-30) for windows-amd64 JRE (24.0.1+9-30), built on 2025-03-05T07:23:45Z with MS VC++ 17.6 (VS2022)

END.
